<html>
<head>
<title>TestNG:  Cucumber Test Runner 1</title>
<link href="../testng.css" rel="stylesheet" type="text/css" />
<link href="../my-testng.css" rel="stylesheet" type="text/css" />

<style type="text/css">
.log { display: none;} 
.stack-trace { display: none;} 
</style>
<script type="text/javascript">
<!--
function flip(e) {
  current = e.style.display;
  if (current == 'block') {
    e.style.display = 'none';
    return 0;
  }
  else {
    e.style.display = 'block';
    return 1;
  }
}

function toggleBox(szDivId, elem, msg1, msg2)
{
  var res = -1;  if (document.getElementById) {
    res = flip(document.getElementById(szDivId));
  }
  else if (document.all) {
    // this is the way old msie versions work
    res = flip(document.all[szDivId]);
  }
  if(elem) {
    if(res == 0) elem.innerHTML = msg1; else elem.innerHTML = msg2;
  }

}

function toggleAllBoxes() {
  if (document.getElementsByTagName) {
    d = document.getElementsByTagName('div');
    for (i = 0; i < d.length; i++) {
      if (d[i].className == 'log') {
        flip(d[i]);
      }
    }
  }
}

// -->
</script>

</head>
<body>
<h2 align='center'>Cucumber Test Runner 1</h2><table border='1' align="center">
<tr>
<td>Tests passed/Failed/Skipped:</td><td>14/2/0</td>
</tr><tr>
<td>Started on:</td><td>Thu Feb 06 11:03:01 IST 2025</td>
</tr>
<tr><td>Total time:</td><td>1104 seconds (1104963 ms)</td>
</tr><tr>
<td>Included groups:</td><td></td>
</tr><tr>
<td>Excluded groups:</td><td></td>
</tr>
</table><p/>
<small><i>(Hover the method name to see the test class name)</i></small><p/>
<table width='100%' border='1' class='invocation-failed'>
<tr><td colspan='4' align='center'><b>FAILED TESTS</b></td></tr>
<tr><td><b>Test method</b></td>
<td><b>Attribute(s)</b></td>
<td width="30%"><b>Exception</b></td>
<td width="10%"><b>Time (seconds)</b></td>
<td><b>Instance</b></td>
</tr>
<tr>
<td title='runner.TestRunner1.runScenario()'><b>runScenario</b><br>Test class: runner.TestRunner1<br>Test method: Runs Cucumber Scenarios<br>Parameters: "Reject the Approved Purchase Request and Verify Status", "Verification Module"</td>
<td><div><pre>org.openqa.selenium.TimeoutException: timeout: Timed out receiving message from renderer: 90.000
  (Session info: chrome=132.0.6834.160)
Build info: version: &apos;4.10.0&apos;, revision: &apos;c14d967899&apos;
System info: os.name: &apos;Mac OS X&apos;, os.arch: &apos;x86_64&apos;, os.version: &apos;14.5&apos;, java.version: &apos;22.0.1&apos;
Driver info: org.openqa.selenium.chrome.ChromeDriver
Command: [8096910fa47177e120fe5fb993d5d15f, clickElement {id=f.C1EDC34749E61B046B05A89B2A33C7CD.d.DA83B6EC872B003B44DF6BE3C1B2563C.e.12}]
Capabilities {acceptInsecureCerts: false, browserName: chrome, browserVersion: 132.0.6834.160, chrome: {chromedriverVersion: 132.0.6834.159 (2d77d3fc445..., userDataDir: /var/folders/5y/7c_nbpk94jg...}, fedcm:accounts: true, goog:chromeOptions: {debuggerAddress: localhost:61426}, networkConnectionEnabled: false, pageLoadStrategy: normal, platformName: mac, proxy: Proxy(), se:cdp: ws://localhost:61426/devtoo..., se:cdpVersion: 132.0.6834.160, setWindowRect: true, strictFileInteractability: false, timeouts: {implicit: 0, pageLoad: 300000, script: 30000}, unhandledPromptBehavior: dismiss and notify, webauthn:extension:credBlob: true, webauthn:extension:largeBlob: true, webauthn:extension:minPinLength: true, webauthn:extension:prf: true, webauthn:virtualAuthenticators: true}
Element: [[ChromeDriver: chrome on mac (8096910fa47177e120fe5fb993d5d15f)] -&gt; css selector: #login]
Session ID: 8096910fa47177e120fe5fb993d5d15f
	at org.openqa.selenium.remote.codec.w3c.W3CHttpResponseCodec.createException(W3CHttpResponseCodec.java:199)
	at org.openqa.selenium.remote.codec.w3c.W3CHttpResponseCodec.decode(W3CHttpResponseCodec.java:132)
	at org.openqa.selenium.remote.codec.w3c.W3CHttpResponseCodec.decode(W3CHttpResponseCodec.java:51)
	at org.openqa.selenium.remote.HttpCommandExecutor.execute(HttpCommandExecutor.java:191)
	at org.openqa.selenium.remote.service.DriverCommandExecutor.invokeExecute(DriverCommandExecutor.java:196)
	at org.openqa.selenium.remote.service.DriverCommandExecutor.execute(DriverCommandExecutor.java:171)
	at org.openqa.selenium.remote.RemoteWebDriver.execute(RemoteWebDriver.java:531)
	at org.openqa.selenium.remote.RemoteWebElement.execute(RemoteWebElement.java:242)
	at org.openqa.selenium.remote.RemoteWebElement.click(RemoteWebElement.java:77)
	at pages.VerificationPage_PL2.login(VerificationPage_PL2.java:140)
	at steps.VerificationStep_PL2.login_in_the_healthapp_application(VerificationStep_PL2.java:32)
	at ✽.Login in the healthapp application(file:///Users/abhisheksharma/Documents/YAKSHA/Clients/Cognizant/Cucumber/Java-Cucumber-Comments/VM-Java-Health-App-Dispensary-Automation-L1-Selenium_Excel-Template-main/src/test/java/features/Verification_PL2.feature:4)
... Removed 3 stack frames</pre></div><a href='#' onClick='toggleBox("stack-trace149793097", this, "Click to show all stack frames", "Click to hide stack frames")'>Click to show all stack frames</a>
<div class='stack-trace' id='stack-trace149793097'><pre>org.openqa.selenium.TimeoutException: timeout: Timed out receiving message from renderer: 90.000
  (Session info: chrome=132.0.6834.160)
Build info: version: &apos;4.10.0&apos;, revision: &apos;c14d967899&apos;
System info: os.name: &apos;Mac OS X&apos;, os.arch: &apos;x86_64&apos;, os.version: &apos;14.5&apos;, java.version: &apos;22.0.1&apos;
Driver info: org.openqa.selenium.chrome.ChromeDriver
Command: [8096910fa47177e120fe5fb993d5d15f, clickElement {id=f.C1EDC34749E61B046B05A89B2A33C7CD.d.DA83B6EC872B003B44DF6BE3C1B2563C.e.12}]
Capabilities {acceptInsecureCerts: false, browserName: chrome, browserVersion: 132.0.6834.160, chrome: {chromedriverVersion: 132.0.6834.159 (2d77d3fc445..., userDataDir: /var/folders/5y/7c_nbpk94jg...}, fedcm:accounts: true, goog:chromeOptions: {debuggerAddress: localhost:61426}, networkConnectionEnabled: false, pageLoadStrategy: normal, platformName: mac, proxy: Proxy(), se:cdp: ws://localhost:61426/devtoo..., se:cdpVersion: 132.0.6834.160, setWindowRect: true, strictFileInteractability: false, timeouts: {implicit: 0, pageLoad: 300000, script: 30000}, unhandledPromptBehavior: dismiss and notify, webauthn:extension:credBlob: true, webauthn:extension:largeBlob: true, webauthn:extension:minPinLength: true, webauthn:extension:prf: true, webauthn:virtualAuthenticators: true}
Element: [[ChromeDriver: chrome on mac (8096910fa47177e120fe5fb993d5d15f)] -&gt; css selector: #login]
Session ID: 8096910fa47177e120fe5fb993d5d15f
	at java.base/jdk.internal.reflect.DirectConstructorHandleAccessor.newInstance(DirectConstructorHandleAccessor.java:62)
	at java.base/java.lang.reflect.Constructor.newInstanceWithCaller(Constructor.java:502)
	at java.base/java.lang.reflect.Constructor.newInstance(Constructor.java:486)
	at org.openqa.selenium.remote.codec.w3c.W3CHttpResponseCodec.createException(W3CHttpResponseCodec.java:199)
	at org.openqa.selenium.remote.codec.w3c.W3CHttpResponseCodec.decode(W3CHttpResponseCodec.java:132)
	at org.openqa.selenium.remote.codec.w3c.W3CHttpResponseCodec.decode(W3CHttpResponseCodec.java:51)
	at org.openqa.selenium.remote.HttpCommandExecutor.execute(HttpCommandExecutor.java:191)
	at org.openqa.selenium.remote.service.DriverCommandExecutor.invokeExecute(DriverCommandExecutor.java:196)
	at org.openqa.selenium.remote.service.DriverCommandExecutor.execute(DriverCommandExecutor.java:171)
	at org.openqa.selenium.remote.RemoteWebDriver.execute(RemoteWebDriver.java:531)
	at org.openqa.selenium.remote.RemoteWebElement.execute(RemoteWebElement.java:242)
	at org.openqa.selenium.remote.RemoteWebElement.click(RemoteWebElement.java:77)
	at pages.VerificationPage_PL2.login(VerificationPage_PL2.java:140)
	at steps.VerificationStep_PL2.login_in_the_healthapp_application(VerificationStep_PL2.java:32)
	at ✽.Login in the healthapp application(file:///Users/abhisheksharma/Documents/YAKSHA/Clients/Cognizant/Cucumber/Java-Cucumber-Comments/VM-Java-Health-App-Dispensary-Automation-L1-Selenium_Excel-Template-main/src/test/java/features/Verification_PL2.feature:4)
</pre></div></td>
<td>101</td>
<td>runner.TestRunner1@33aeca0b</td></tr>
<tr>
<td title='runner.TestRunner1.runScenario()'><b>runScenario</b><br>Test class: runner.TestRunner1<br>Test method: Runs Cucumber Scenarios<br>Parameters: "Verify Reject All button without filling remark field", "Verification Module"</td>
<td><div><pre>org.openqa.selenium.NoSuchElementException: no such element: Unable to locate element: {&quot;method&quot;:&quot;xpath&quot;,&quot;selector&quot;:&quot;(//div[@col-id=&apos;VerificationStatus&apos; and text()=&apos;pending&apos;]/../div/a[@danphe-grid-action=&apos;view&apos;])[1]&quot;}
  (Session info: chrome=132.0.6834.160)
For documentation on this error, please visit: https://www.selenium.dev/documentation/webdriver/troubleshooting/errors#no-such-element-exception
Build info: version: &apos;4.10.0&apos;, revision: &apos;c14d967899&apos;
System info: os.name: &apos;Mac OS X&apos;, os.arch: &apos;x86_64&apos;, os.version: &apos;14.5&apos;, java.version: &apos;22.0.1&apos;
Driver info: org.openqa.selenium.chrome.ChromeDriver
Command: [bd7fd00b56f651d78f821405ee273cb4, findElement {using=xpath, value=(//div[@col-id=&apos;VerificationStatus&apos; and text()=&apos;pending&apos;]/../div/a[@danphe-grid-action=&apos;view&apos;])[1]}]
Capabilities {acceptInsecureCerts: false, browserName: chrome, browserVersion: 132.0.6834.160, chrome: {chromedriverVersion: 132.0.6834.159 (2d77d3fc445..., userDataDir: /var/folders/5y/7c_nbpk94jg...}, fedcm:accounts: true, goog:chromeOptions: {debuggerAddress: localhost:61385}, networkConnectionEnabled: false, pageLoadStrategy: normal, platformName: mac, proxy: Proxy(), se:cdp: ws://localhost:61385/devtoo..., se:cdpVersion: 132.0.6834.160, setWindowRect: true, strictFileInteractability: false, timeouts: {implicit: 0, pageLoad: 300000, script: 30000}, unhandledPromptBehavior: dismiss and notify, webauthn:extension:credBlob: true, webauthn:extension:largeBlob: true, webauthn:extension:minPinLength: true, webauthn:extension:prf: true, webauthn:virtualAuthenticators: true}
Session ID: bd7fd00b56f651d78f821405ee273cb4
	at org.openqa.selenium.remote.codec.w3c.W3CHttpResponseCodec.createException(W3CHttpResponseCodec.java:199)
	at org.openqa.selenium.remote.codec.w3c.W3CHttpResponseCodec.decode(W3CHttpResponseCodec.java:132)
	at org.openqa.selenium.remote.codec.w3c.W3CHttpResponseCodec.decode(W3CHttpResponseCodec.java:51)
	at org.openqa.selenium.remote.HttpCommandExecutor.execute(HttpCommandExecutor.java:191)
	at org.openqa.selenium.remote.service.DriverCommandExecutor.invokeExecute(DriverCommandExecutor.java:196)
	at org.openqa.selenium.remote.service.DriverCommandExecutor.execute(DriverCommandExecutor.java:171)
	at org.openqa.selenium.remote.RemoteWebDriver.execute(RemoteWebDriver.java:531)
	at org.openqa.selenium.remote.ElementLocation$ElementFinder$2.findElement(ElementLocation.java:165)
	at org.openqa.selenium.remote.ElementLocation.findElement(ElementLocation.java:59)
	at org.openqa.selenium.remote.RemoteWebDriver.findElement(RemoteWebDriver.java:350)
	at org.openqa.selenium.remote.RemoteWebDriver.findElement(RemoteWebDriver.java:344)
	at coreUtilities.utils.CommonEvents.findElement(CommonEvents.java:142)
	at pages.VerificationPage_PL2.clickOnViewRequestWithStatusPending(VerificationPage_PL2.java:327)
	at steps.VerificationStep_PL2.click_on_the_view_button_under_the_action_column_for_the_purchase_request(VerificationStep_PL2.java:157)
	at ✽.Click on the View button under the action column for the Purchase Request.(file:///Users/abhisheksharma/Documents/YAKSHA/Clients/Cognizant/Cucumber/Java-Cucumber-Comments/VM-Java-Health-App-Dispensary-Automation-L1-Selenium_Excel-Template-main/src/test/java/features/Verification_PL2.feature:116)
... Removed 3 stack frames</pre></div><a href='#' onClick='toggleBox("stack-trace1898442827", this, "Click to show all stack frames", "Click to hide stack frames")'>Click to show all stack frames</a>
<div class='stack-trace' id='stack-trace1898442827'><pre>org.openqa.selenium.NoSuchElementException: no such element: Unable to locate element: {&quot;method&quot;:&quot;xpath&quot;,&quot;selector&quot;:&quot;(//div[@col-id=&apos;VerificationStatus&apos; and text()=&apos;pending&apos;]/../div/a[@danphe-grid-action=&apos;view&apos;])[1]&quot;}
  (Session info: chrome=132.0.6834.160)
For documentation on this error, please visit: https://www.selenium.dev/documentation/webdriver/troubleshooting/errors#no-such-element-exception
Build info: version: &apos;4.10.0&apos;, revision: &apos;c14d967899&apos;
System info: os.name: &apos;Mac OS X&apos;, os.arch: &apos;x86_64&apos;, os.version: &apos;14.5&apos;, java.version: &apos;22.0.1&apos;
Driver info: org.openqa.selenium.chrome.ChromeDriver
Command: [bd7fd00b56f651d78f821405ee273cb4, findElement {using=xpath, value=(//div[@col-id=&apos;VerificationStatus&apos; and text()=&apos;pending&apos;]/../div/a[@danphe-grid-action=&apos;view&apos;])[1]}]
Capabilities {acceptInsecureCerts: false, browserName: chrome, browserVersion: 132.0.6834.160, chrome: {chromedriverVersion: 132.0.6834.159 (2d77d3fc445..., userDataDir: /var/folders/5y/7c_nbpk94jg...}, fedcm:accounts: true, goog:chromeOptions: {debuggerAddress: localhost:61385}, networkConnectionEnabled: false, pageLoadStrategy: normal, platformName: mac, proxy: Proxy(), se:cdp: ws://localhost:61385/devtoo..., se:cdpVersion: 132.0.6834.160, setWindowRect: true, strictFileInteractability: false, timeouts: {implicit: 0, pageLoad: 300000, script: 30000}, unhandledPromptBehavior: dismiss and notify, webauthn:extension:credBlob: true, webauthn:extension:largeBlob: true, webauthn:extension:minPinLength: true, webauthn:extension:prf: true, webauthn:virtualAuthenticators: true}
Session ID: bd7fd00b56f651d78f821405ee273cb4
	at java.base/jdk.internal.reflect.DirectConstructorHandleAccessor.newInstance(DirectConstructorHandleAccessor.java:62)
	at java.base/java.lang.reflect.Constructor.newInstanceWithCaller(Constructor.java:502)
	at java.base/java.lang.reflect.Constructor.newInstance(Constructor.java:486)
	at org.openqa.selenium.remote.codec.w3c.W3CHttpResponseCodec.createException(W3CHttpResponseCodec.java:199)
	at org.openqa.selenium.remote.codec.w3c.W3CHttpResponseCodec.decode(W3CHttpResponseCodec.java:132)
	at org.openqa.selenium.remote.codec.w3c.W3CHttpResponseCodec.decode(W3CHttpResponseCodec.java:51)
	at org.openqa.selenium.remote.HttpCommandExecutor.execute(HttpCommandExecutor.java:191)
	at org.openqa.selenium.remote.service.DriverCommandExecutor.invokeExecute(DriverCommandExecutor.java:196)
	at org.openqa.selenium.remote.service.DriverCommandExecutor.execute(DriverCommandExecutor.java:171)
	at org.openqa.selenium.remote.RemoteWebDriver.execute(RemoteWebDriver.java:531)
	at org.openqa.selenium.remote.ElementLocation$ElementFinder$2.findElement(ElementLocation.java:165)
	at org.openqa.selenium.remote.ElementLocation.findElement(ElementLocation.java:59)
	at org.openqa.selenium.remote.RemoteWebDriver.findElement(RemoteWebDriver.java:350)
	at org.openqa.selenium.remote.RemoteWebDriver.findElement(RemoteWebDriver.java:344)
	at coreUtilities.utils.CommonEvents.findElement(CommonEvents.java:142)
	at pages.VerificationPage_PL2.clickOnViewRequestWithStatusPending(VerificationPage_PL2.java:327)
	at steps.VerificationStep_PL2.click_on_the_view_button_under_the_action_column_for_the_purchase_request(VerificationStep_PL2.java:157)
	at ✽.Click on the View button under the action column for the Purchase Request.(file:///Users/abhisheksharma/Documents/YAKSHA/Clients/Cognizant/Cucumber/Java-Cucumber-Comments/VM-Java-Health-App-Dispensary-Automation-L1-Selenium_Excel-Template-main/src/test/java/features/Verification_PL2.feature:116)
</pre></div></td>
<td>77</td>
<td>runner.TestRunner1@33aeca0b</td></tr>
</table><p>
<table width='100%' border='1' class='invocation-passed'>
<tr><td colspan='4' align='center'><b>PASSED TESTS</b></td></tr>
<tr><td><b>Test method</b></td>
<td><b>Attribute(s)</b></td>
<td width="30%"><b>Exception</b></td>
<td width="10%"><b>Time (seconds)</b></td>
<td><b>Instance</b></td>
</tr>
<tr>
<td title='runner.TestRunner1.runScenario()'><b>runScenario</b><br>Test class: runner.TestRunner1<br>Test method: Runs Cucumber Scenarios<br>Parameters: "Verify data range by Select "one week" option from drop down", "Verification Module"</td>
<td></td>
<td>54</td>
<td>runner.TestRunner1@33aeca0b</td></tr>
<tr>
<td title='runner.TestRunner1.runScenario()'><b>runScenario</b><br>Test class: runner.TestRunner1<br>Test method: Runs Cucumber Scenarios<br>Parameters: "Verify all sub-modules are displayed correctly after Clicking on the "verification" Module.", "Verification Module"</td>
<td></td>
<td>35</td>
<td>runner.TestRunner1@33aeca0b</td></tr>
<tr>
<td title='runner.TestRunner1.runScenario()'><b>runScenario</b><br>Test class: runner.TestRunner1<br>Test method: Runs Cucumber Scenarios<br>Parameters: "Verify to search the data by picking the date filter", "Verification Module"</td>
<td></td>
<td>76</td>
<td>runner.TestRunner1@33aeca0b</td></tr>
<tr>
<td title='runner.TestRunner1.runScenario()'><b>runScenario</b><br>Test class: runner.TestRunner1<br>Test method: Runs Cucumber Scenarios<br>Parameters: "Verify the presence of Requisition tab in inventory section with all fields.", "Verification Module"</td>
<td></td>
<td>52</td>
<td>runner.TestRunner1@33aeca0b</td></tr>
<tr>
<td title='runner.TestRunner1.runScenario()'><b>runScenario</b><br>Test class: runner.TestRunner1<br>Test method: Runs Cucumber Scenarios<br>Parameters: "Verify following radio buttons are selectable:Pending, Approved, Rejected & All", "Verification Module"</td>
<td></td>
<td>48</td>
<td>runner.TestRunner1@33aeca0b</td></tr>
<tr>
<td title='runner.TestRunner1.runScenario()'><b>runScenario</b><br>Test class: runner.TestRunner1<br>Test method: Runs Cucumber Scenarios<br>Parameters: "Verify dates are remembered correclty", "Verification Module"</td>
<td></td>
<td>60</td>
<td>runner.TestRunner1@33aeca0b</td></tr>
<tr>
<td title='runner.TestRunner1.runScenario()'><b>runScenario</b><br>Test class: runner.TestRunner1<br>Test method: Runs Cucumber Scenarios<br>Parameters: "Create and Verify a Purchase Request in Inventory", "Verification Module"</td>
<td></td>
<td>91</td>
<td>runner.TestRunner1@33aeca0b</td></tr>
<tr>
<td title='runner.TestRunner1.runScenario()'><b>runScenario</b><br>Test class: runner.TestRunner1<br>Test method: Runs Cucumber Scenarios<br>Parameters: "Verify Purchase Request in Verification Module", "Verification Module"</td>
<td></td>
<td>54</td>
<td>runner.TestRunner1@33aeca0b</td></tr>
<tr>
<td title='runner.TestRunner1.runScenario()'><b>runScenario</b><br>Test class: runner.TestRunner1<br>Test method: Runs Cucumber Scenarios<br>Parameters: "Verify the verfication module is present or not", "Verification Module"</td>
<td></td>
<td>122</td>
<td>runner.TestRunner1@33aeca0b</td></tr>
<tr>
<td title='runner.TestRunner1.runScenario()'><b>runScenario</b><br>Test class: runner.TestRunner1<br>Test method: Runs Cucumber Scenarios<br>Parameters: "Verify to navigate on another sub module after open the inventory module", "Verification Module"</td>
<td></td>
<td>45</td>
<td>runner.TestRunner1@33aeca0b</td></tr>
<tr>
<td title='runner.TestRunner1.runScenario()'><b>runScenario</b><br>Test class: runner.TestRunner1<br>Test method: Runs Cucumber Scenarios<br>Parameters: "Take Screenshot of the current page", "Verification Module"</td>
<td></td>
<td>54</td>
<td>runner.TestRunner1@33aeca0b</td></tr>
<tr>
<td title='runner.TestRunner1.runScenario()'><b>runScenario</b><br>Test class: runner.TestRunner1<br>Test method: Runs Cucumber Scenarios<br>Parameters: "Verify to navigate on another sub tab after open the Requisition tab", "Verification Module"</td>
<td></td>
<td>51</td>
<td>runner.TestRunner1@33aeca0b</td></tr>
<tr>
<td title='runner.TestRunner1.runScenario()'><b>runScenario</b><br>Test class: runner.TestRunner1<br>Test method: Runs Cucumber Scenarios<br>Parameters: "Verify the tooltip and it's text present on hover the mouse on "Star"", "Verification Module"</td>
<td></td>
<td>39</td>
<td>runner.TestRunner1@33aeca0b</td></tr>
<tr>
<td title='runner.TestRunner1.runScenario()'><b>runScenario</b><br>Test class: runner.TestRunner1<br>Test method: Runs Cucumber Scenarios<br>Parameters: "Approve the Purchase Request and Verify Status", "Verification Module"</td>
<td></td>
<td>70</td>
<td>runner.TestRunner1@33aeca0b</td></tr>
</table><p>
</body>
</html>