<?xml version="1.0" encoding="UTF-8"?>
<testng-results ignored="0" total="16" passed="14" failed="2" skipped="0">
  <reporter-output>
  </reporter-output>
  <suite started-at="2025-02-06T11:03:01 IST" name="Suite" finished-at="2025-02-06T11:21:26 IST" duration-ms="1104963">
    <groups>
      <group name="cucumber">
        <method signature="AbstractTestNGCucumberTests.runScenario(io.cucumber.testng.PickleWrapper,io.cucumber.testng.FeatureWrapper)[pri:0, instance:runner.TestRunner1@33aeca0b]" name="runScenario" class="io.cucumber.testng.AbstractTestNGCucumberTests"/>
      </group> <!-- cucumber -->
    </groups>
    <test started-at="2025-02-06T11:03:01 IST" name="Cucumber Test Runner 1" finished-at="2025-02-06T11:21:26 IST" duration-ms="1104963">
      <class name="runner.TestRunner1">
        <test-method is-config="true" signature="setUpClass(org.testng.ITestContext)[pri:0, instance:runner.TestRunner1@33aeca0b]" started-at="2025-02-06T11:03:01 IST" name="setUpClass" finished-at="2025-02-06T11:03:01 IST" duration-ms="682" status="PASS">
          <params>
            <param index="0">
              <value>
                <![CDATA[org.testng.TestRunner@6d821475]]>
              </value>
            </param>
          </params>
          <reporter-output>
          </reporter-output>
        </test-method> <!-- setUpClass -->
        <test-method signature="runScenario(io.cucumber.testng.PickleWrapper,io.cucumber.testng.FeatureWrapper)[pri:0, instance:runner.TestRunner1@33aeca0b]" started-at="2025-02-06T11:03:02 IST" name="runScenario" description="Runs Cucumber Scenarios" data-provider="scenarios" finished-at="2025-02-06T11:05:04 IST" duration-ms="122873" status="PASS">
          <params>
            <param index="0">
              <value>
                <![CDATA["Verify the verfication module is present or not"]]>
              </value>
            </param>
            <param index="1">
              <value>
                <![CDATA["Verification Module"]]>
              </value>
            </param>
          </params>
          <reporter-output>
          </reporter-output>
        </test-method> <!-- runScenario -->
        <test-method signature="runScenario(io.cucumber.testng.PickleWrapper,io.cucumber.testng.FeatureWrapper)[pri:0, instance:runner.TestRunner1@33aeca0b]" started-at="2025-02-06T11:05:09 IST" name="runScenario" description="Runs Cucumber Scenarios" data-provider="scenarios" finished-at="2025-02-06T11:05:44 IST" duration-ms="35233" status="PASS">
          <params>
            <param index="0">
              <value>
                <![CDATA["Verify all sub-modules are displayed correctly after Clicking on the "verification" Module."]]>
              </value>
            </param>
            <param index="1">
              <value>
                <![CDATA["Verification Module"]]>
              </value>
            </param>
          </params>
          <reporter-output>
          </reporter-output>
        </test-method> <!-- runScenario -->
        <test-method signature="runScenario(io.cucumber.testng.PickleWrapper,io.cucumber.testng.FeatureWrapper)[pri:0, instance:runner.TestRunner1@33aeca0b]" started-at="2025-02-06T11:05:48 IST" name="runScenario" description="Runs Cucumber Scenarios" data-provider="scenarios" finished-at="2025-02-06T11:06:40 IST" duration-ms="52090" status="PASS">
          <params>
            <param index="0">
              <value>
                <![CDATA["Verify the presence of Requisition tab in inventory section with all fields."]]>
              </value>
            </param>
            <param index="1">
              <value>
                <![CDATA["Verification Module"]]>
              </value>
            </param>
          </params>
          <reporter-output>
          </reporter-output>
        </test-method> <!-- runScenario -->
        <test-method signature="runScenario(io.cucumber.testng.PickleWrapper,io.cucumber.testng.FeatureWrapper)[pri:0, instance:runner.TestRunner1@33aeca0b]" started-at="2025-02-06T11:06:43 IST" name="runScenario" description="Runs Cucumber Scenarios" data-provider="scenarios" finished-at="2025-02-06T11:07:29 IST" duration-ms="45835" status="PASS">
          <params>
            <param index="0">
              <value>
                <![CDATA["Verify to navigate on another sub module after open the inventory module"]]>
              </value>
            </param>
            <param index="1">
              <value>
                <![CDATA["Verification Module"]]>
              </value>
            </param>
          </params>
          <reporter-output>
          </reporter-output>
        </test-method> <!-- runScenario -->
        <test-method signature="runScenario(io.cucumber.testng.PickleWrapper,io.cucumber.testng.FeatureWrapper)[pri:0, instance:runner.TestRunner1@33aeca0b]" started-at="2025-02-06T11:07:33 IST" name="runScenario" description="Runs Cucumber Scenarios" data-provider="scenarios" finished-at="2025-02-06T11:08:24 IST" duration-ms="51464" status="PASS">
          <params>
            <param index="0">
              <value>
                <![CDATA["Verify to navigate on another sub tab after open the Requisition tab"]]>
              </value>
            </param>
            <param index="1">
              <value>
                <![CDATA["Verification Module"]]>
              </value>
            </param>
          </params>
          <reporter-output>
          </reporter-output>
        </test-method> <!-- runScenario -->
        <test-method signature="runScenario(io.cucumber.testng.PickleWrapper,io.cucumber.testng.FeatureWrapper)[pri:0, instance:runner.TestRunner1@33aeca0b]" started-at="2025-02-06T11:08:28 IST" name="runScenario" description="Runs Cucumber Scenarios" data-provider="scenarios" finished-at="2025-02-06T11:09:45 IST" duration-ms="76385" status="PASS">
          <params>
            <param index="0">
              <value>
                <![CDATA["Verify to search the data by picking the date filter"]]>
              </value>
            </param>
            <param index="1">
              <value>
                <![CDATA["Verification Module"]]>
              </value>
            </param>
          </params>
          <reporter-output>
          </reporter-output>
        </test-method> <!-- runScenario -->
        <test-method signature="runScenario(io.cucumber.testng.PickleWrapper,io.cucumber.testng.FeatureWrapper)[pri:0, instance:runner.TestRunner1@33aeca0b]" started-at="2025-02-06T11:09:49 IST" name="runScenario" description="Runs Cucumber Scenarios" data-provider="scenarios" finished-at="2025-02-06T11:10:28 IST" duration-ms="39888" status="PASS">
          <params>
            <param index="0">
              <value>
                <![CDATA["Verify the tooltip and it's text present on hover the mouse on "Star""]]>
              </value>
            </param>
            <param index="1">
              <value>
                <![CDATA["Verification Module"]]>
              </value>
            </param>
          </params>
          <reporter-output>
          </reporter-output>
        </test-method> <!-- runScenario -->
        <test-method signature="runScenario(io.cucumber.testng.PickleWrapper,io.cucumber.testng.FeatureWrapper)[pri:0, instance:runner.TestRunner1@33aeca0b]" started-at="2025-02-06T11:10:32 IST" name="runScenario" description="Runs Cucumber Scenarios" data-provider="scenarios" finished-at="2025-02-06T11:11:33 IST" duration-ms="60871" status="PASS">
          <params>
            <param index="0">
              <value>
                <![CDATA["Verify dates are remembered correclty"]]>
              </value>
            </param>
            <param index="1">
              <value>
                <![CDATA["Verification Module"]]>
              </value>
            </param>
          </params>
          <reporter-output>
          </reporter-output>
        </test-method> <!-- runScenario -->
        <test-method signature="runScenario(io.cucumber.testng.PickleWrapper,io.cucumber.testng.FeatureWrapper)[pri:0, instance:runner.TestRunner1@33aeca0b]" started-at="2025-02-06T11:11:37 IST" name="runScenario" description="Runs Cucumber Scenarios" data-provider="scenarios" finished-at="2025-02-06T11:12:32 IST" duration-ms="54874" status="PASS">
          <params>
            <param index="0">
              <value>
                <![CDATA["Verify data range by Select "one week" option from drop down"]]>
              </value>
            </param>
            <param index="1">
              <value>
                <![CDATA["Verification Module"]]>
              </value>
            </param>
          </params>
          <reporter-output>
          </reporter-output>
        </test-method> <!-- runScenario -->
        <test-method signature="runScenario(io.cucumber.testng.PickleWrapper,io.cucumber.testng.FeatureWrapper)[pri:0, instance:runner.TestRunner1@33aeca0b]" started-at="2025-02-06T11:12:35 IST" name="runScenario" description="Runs Cucumber Scenarios" data-provider="scenarios" finished-at="2025-02-06T11:13:24 IST" duration-ms="48389" status="PASS">
          <params>
            <param index="0">
              <value>
                <![CDATA["Verify following radio buttons are selectable:Pending, Approved, Rejected & All"]]>
              </value>
            </param>
            <param index="1">
              <value>
                <![CDATA["Verification Module"]]>
              </value>
            </param>
          </params>
          <reporter-output>
          </reporter-output>
        </test-method> <!-- runScenario -->
        <test-method signature="runScenario(io.cucumber.testng.PickleWrapper,io.cucumber.testng.FeatureWrapper)[pri:0, instance:runner.TestRunner1@33aeca0b]" started-at="2025-02-06T11:13:28 IST" name="runScenario" description="Runs Cucumber Scenarios" data-provider="scenarios" finished-at="2025-02-06T11:14:59 IST" duration-ms="91399" status="PASS">
          <params>
            <param index="0">
              <value>
                <![CDATA["Create and Verify a Purchase Request in Inventory"]]>
              </value>
            </param>
            <param index="1">
              <value>
                <![CDATA["Verification Module"]]>
              </value>
            </param>
          </params>
          <reporter-output>
          </reporter-output>
        </test-method> <!-- runScenario -->
        <test-method signature="runScenario(io.cucumber.testng.PickleWrapper,io.cucumber.testng.FeatureWrapper)[pri:0, instance:runner.TestRunner1@33aeca0b]" started-at="2025-02-06T11:15:03 IST" name="runScenario" description="Runs Cucumber Scenarios" data-provider="scenarios" finished-at="2025-02-06T11:15:58 IST" duration-ms="54766" status="PASS">
          <params>
            <param index="0">
              <value>
                <![CDATA["Verify Purchase Request in Verification Module"]]>
              </value>
            </param>
            <param index="1">
              <value>
                <![CDATA["Verification Module"]]>
              </value>
            </param>
          </params>
          <reporter-output>
          </reporter-output>
        </test-method> <!-- runScenario -->
        <test-method signature="runScenario(io.cucumber.testng.PickleWrapper,io.cucumber.testng.FeatureWrapper)[pri:0, instance:runner.TestRunner1@33aeca0b]" started-at="2025-02-06T11:16:01 IST" name="runScenario" description="Runs Cucumber Scenarios" data-provider="scenarios" finished-at="2025-02-06T11:17:12 IST" duration-ms="70578" status="PASS">
          <params>
            <param index="0">
              <value>
                <![CDATA["Approve the Purchase Request and Verify Status"]]>
              </value>
            </param>
            <param index="1">
              <value>
                <![CDATA["Verification Module"]]>
              </value>
            </param>
          </params>
          <reporter-output>
          </reporter-output>
        </test-method> <!-- runScenario -->
        <test-method signature="runScenario(io.cucumber.testng.PickleWrapper,io.cucumber.testng.FeatureWrapper)[pri:0, instance:runner.TestRunner1@33aeca0b]" started-at="2025-02-06T11:17:16 IST" name="runScenario" description="Runs Cucumber Scenarios" data-provider="scenarios" finished-at="2025-02-06T11:18:33 IST" duration-ms="77130" status="FAIL">
          <params>
            <param index="0">
              <value>
                <![CDATA["Verify Reject All button without filling remark field"]]>
              </value>
            </param>
            <param index="1">
              <value>
                <![CDATA["Verification Module"]]>
              </value>
            </param>
          </params>
          <exception class="org.openqa.selenium.NoSuchElementException">
            <message>
              <![CDATA[no such element: Unable to locate element: {"method":"xpath","selector":"(//div[@col-id='VerificationStatus' and text()='pending']/../div/a[@danphe-grid-action='view'])[1]"}
  (Session info: chrome=132.0.6834.160)
For documentation on this error, please visit: https://www.selenium.dev/documentation/webdriver/troubleshooting/errors#no-such-element-exception
Build info: version: '4.10.0', revision: 'c14d967899'
System info: os.name: 'Mac OS X', os.arch: 'x86_64', os.version: '14.5', java.version: '22.0.1'
Driver info: org.openqa.selenium.chrome.ChromeDriver
Command: [bd7fd00b56f651d78f821405ee273cb4, findElement {using=xpath, value=(//div[@col-id='VerificationStatus' and text()='pending']/../div/a[@danphe-grid-action='view'])[1]}]
Capabilities {acceptInsecureCerts: false, browserName: chrome, browserVersion: 132.0.6834.160, chrome: {chromedriverVersion: 132.0.6834.159 (2d77d3fc445..., userDataDir: /var/folders/5y/7c_nbpk94jg...}, fedcm:accounts: true, goog:chromeOptions: {debuggerAddress: localhost:61385}, networkConnectionEnabled: false, pageLoadStrategy: normal, platformName: mac, proxy: Proxy(), se:cdp: ws://localhost:61385/devtoo..., se:cdpVersion: 132.0.6834.160, setWindowRect: true, strictFileInteractability: false, timeouts: {implicit: 0, pageLoad: 300000, script: 30000}, unhandledPromptBehavior: dismiss and notify, webauthn:extension:credBlob: true, webauthn:extension:largeBlob: true, webauthn:extension:minPinLength: true, webauthn:extension:prf: true, webauthn:virtualAuthenticators: true}
Session ID: bd7fd00b56f651d78f821405ee273cb4]]>
            </message>
            <full-stacktrace>
              <![CDATA[org.openqa.selenium.NoSuchElementException: no such element: Unable to locate element: {"method":"xpath","selector":"(//div[@col-id='VerificationStatus' and text()='pending']/../div/a[@danphe-grid-action='view'])[1]"}
  (Session info: chrome=132.0.6834.160)
For documentation on this error, please visit: https://www.selenium.dev/documentation/webdriver/troubleshooting/errors#no-such-element-exception
Build info: version: '4.10.0', revision: 'c14d967899'
System info: os.name: 'Mac OS X', os.arch: 'x86_64', os.version: '14.5', java.version: '22.0.1'
Driver info: org.openqa.selenium.chrome.ChromeDriver
Command: [bd7fd00b56f651d78f821405ee273cb4, findElement {using=xpath, value=(//div[@col-id='VerificationStatus' and text()='pending']/../div/a[@danphe-grid-action='view'])[1]}]
Capabilities {acceptInsecureCerts: false, browserName: chrome, browserVersion: 132.0.6834.160, chrome: {chromedriverVersion: 132.0.6834.159 (2d77d3fc445..., userDataDir: /var/folders/5y/7c_nbpk94jg...}, fedcm:accounts: true, goog:chromeOptions: {debuggerAddress: localhost:61385}, networkConnectionEnabled: false, pageLoadStrategy: normal, platformName: mac, proxy: Proxy(), se:cdp: ws://localhost:61385/devtoo..., se:cdpVersion: 132.0.6834.160, setWindowRect: true, strictFileInteractability: false, timeouts: {implicit: 0, pageLoad: 300000, script: 30000}, unhandledPromptBehavior: dismiss and notify, webauthn:extension:credBlob: true, webauthn:extension:largeBlob: true, webauthn:extension:minPinLength: true, webauthn:extension:prf: true, webauthn:virtualAuthenticators: true}
Session ID: bd7fd00b56f651d78f821405ee273cb4
at java.base/jdk.internal.reflect.DirectConstructorHandleAccessor.newInstance(DirectConstructorHandleAccessor.java:62)
at java.base/java.lang.reflect.Constructor.newInstanceWithCaller(Constructor.java:502)
at java.base/java.lang.reflect.Constructor.newInstance(Constructor.java:486)
at org.openqa.selenium.remote.codec.w3c.W3CHttpResponseCodec.createException(W3CHttpResponseCodec.java:199)
at org.openqa.selenium.remote.codec.w3c.W3CHttpResponseCodec.decode(W3CHttpResponseCodec.java:132)
at org.openqa.selenium.remote.codec.w3c.W3CHttpResponseCodec.decode(W3CHttpResponseCodec.java:51)
at org.openqa.selenium.remote.HttpCommandExecutor.execute(HttpCommandExecutor.java:191)
at org.openqa.selenium.remote.service.DriverCommandExecutor.invokeExecute(DriverCommandExecutor.java:196)
at org.openqa.selenium.remote.service.DriverCommandExecutor.execute(DriverCommandExecutor.java:171)
at org.openqa.selenium.remote.RemoteWebDriver.execute(RemoteWebDriver.java:531)
at org.openqa.selenium.remote.ElementLocation$ElementFinder$2.findElement(ElementLocation.java:165)
at org.openqa.selenium.remote.ElementLocation.findElement(ElementLocation.java:59)
at org.openqa.selenium.remote.RemoteWebDriver.findElement(RemoteWebDriver.java:350)
at org.openqa.selenium.remote.RemoteWebDriver.findElement(RemoteWebDriver.java:344)
at coreUtilities.utils.CommonEvents.findElement(CommonEvents.java:142)
at pages.VerificationPage_PL2.clickOnViewRequestWithStatusPending(VerificationPage_PL2.java:327)
at steps.VerificationStep_PL2.click_on_the_view_button_under_the_action_column_for_the_purchase_request(VerificationStep_PL2.java:157)
at ✽.Click on the View button under the action column for the Purchase Request.(file:///Users/abhisheksharma/Documents/YAKSHA/Clients/Cognizant/Cucumber/Java-Cucumber-Comments/VM-Java-Health-App-Dispensary-Automation-L1-Selenium_Excel-Template-main/src/test/java/features/Verification_PL2.feature:116)
]]>
            </full-stacktrace>
          </exception> <!-- org.openqa.selenium.NoSuchElementException -->
          <reporter-output>
          </reporter-output>
        </test-method> <!-- runScenario -->
        <test-method signature="runScenario(io.cucumber.testng.PickleWrapper,io.cucumber.testng.FeatureWrapper)[pri:0, instance:runner.TestRunner1@33aeca0b]" started-at="2025-02-06T11:18:37 IST" name="runScenario" description="Runs Cucumber Scenarios" data-provider="scenarios" finished-at="2025-02-06T11:20:18 IST" duration-ms="101571" status="FAIL">
          <params>
            <param index="0">
              <value>
                <![CDATA["Reject the Approved Purchase Request and Verify Status"]]>
              </value>
            </param>
            <param index="1">
              <value>
                <![CDATA["Verification Module"]]>
              </value>
            </param>
          </params>
          <exception class="org.openqa.selenium.TimeoutException">
            <message>
              <![CDATA[timeout: Timed out receiving message from renderer: 90.000
  (Session info: chrome=132.0.6834.160)
Build info: version: '4.10.0', revision: 'c14d967899'
System info: os.name: 'Mac OS X', os.arch: 'x86_64', os.version: '14.5', java.version: '22.0.1'
Driver info: org.openqa.selenium.chrome.ChromeDriver
Command: [8096910fa47177e120fe5fb993d5d15f, clickElement {id=f.C1EDC34749E61B046B05A89B2A33C7CD.d.DA83B6EC872B003B44DF6BE3C1B2563C.e.12}]
Capabilities {acceptInsecureCerts: false, browserName: chrome, browserVersion: 132.0.6834.160, chrome: {chromedriverVersion: 132.0.6834.159 (2d77d3fc445..., userDataDir: /var/folders/5y/7c_nbpk94jg...}, fedcm:accounts: true, goog:chromeOptions: {debuggerAddress: localhost:61426}, networkConnectionEnabled: false, pageLoadStrategy: normal, platformName: mac, proxy: Proxy(), se:cdp: ws://localhost:61426/devtoo..., se:cdpVersion: 132.0.6834.160, setWindowRect: true, strictFileInteractability: false, timeouts: {implicit: 0, pageLoad: 300000, script: 30000}, unhandledPromptBehavior: dismiss and notify, webauthn:extension:credBlob: true, webauthn:extension:largeBlob: true, webauthn:extension:minPinLength: true, webauthn:extension:prf: true, webauthn:virtualAuthenticators: true}
Element: [[ChromeDriver: chrome on mac (8096910fa47177e120fe5fb993d5d15f)] -> css selector: #login]
Session ID: 8096910fa47177e120fe5fb993d5d15f]]>
            </message>
            <full-stacktrace>
              <![CDATA[org.openqa.selenium.TimeoutException: timeout: Timed out receiving message from renderer: 90.000
  (Session info: chrome=132.0.6834.160)
Build info: version: '4.10.0', revision: 'c14d967899'
System info: os.name: 'Mac OS X', os.arch: 'x86_64', os.version: '14.5', java.version: '22.0.1'
Driver info: org.openqa.selenium.chrome.ChromeDriver
Command: [8096910fa47177e120fe5fb993d5d15f, clickElement {id=f.C1EDC34749E61B046B05A89B2A33C7CD.d.DA83B6EC872B003B44DF6BE3C1B2563C.e.12}]
Capabilities {acceptInsecureCerts: false, browserName: chrome, browserVersion: 132.0.6834.160, chrome: {chromedriverVersion: 132.0.6834.159 (2d77d3fc445..., userDataDir: /var/folders/5y/7c_nbpk94jg...}, fedcm:accounts: true, goog:chromeOptions: {debuggerAddress: localhost:61426}, networkConnectionEnabled: false, pageLoadStrategy: normal, platformName: mac, proxy: Proxy(), se:cdp: ws://localhost:61426/devtoo..., se:cdpVersion: 132.0.6834.160, setWindowRect: true, strictFileInteractability: false, timeouts: {implicit: 0, pageLoad: 300000, script: 30000}, unhandledPromptBehavior: dismiss and notify, webauthn:extension:credBlob: true, webauthn:extension:largeBlob: true, webauthn:extension:minPinLength: true, webauthn:extension:prf: true, webauthn:virtualAuthenticators: true}
Element: [[ChromeDriver: chrome on mac (8096910fa47177e120fe5fb993d5d15f)] -> css selector: #login]
Session ID: 8096910fa47177e120fe5fb993d5d15f
at java.base/jdk.internal.reflect.DirectConstructorHandleAccessor.newInstance(DirectConstructorHandleAccessor.java:62)
at java.base/java.lang.reflect.Constructor.newInstanceWithCaller(Constructor.java:502)
at java.base/java.lang.reflect.Constructor.newInstance(Constructor.java:486)
at org.openqa.selenium.remote.codec.w3c.W3CHttpResponseCodec.createException(W3CHttpResponseCodec.java:199)
at org.openqa.selenium.remote.codec.w3c.W3CHttpResponseCodec.decode(W3CHttpResponseCodec.java:132)
at org.openqa.selenium.remote.codec.w3c.W3CHttpResponseCodec.decode(W3CHttpResponseCodec.java:51)
at org.openqa.selenium.remote.HttpCommandExecutor.execute(HttpCommandExecutor.java:191)
at org.openqa.selenium.remote.service.DriverCommandExecutor.invokeExecute(DriverCommandExecutor.java:196)
at org.openqa.selenium.remote.service.DriverCommandExecutor.execute(DriverCommandExecutor.java:171)
at org.openqa.selenium.remote.RemoteWebDriver.execute(RemoteWebDriver.java:531)
at org.openqa.selenium.remote.RemoteWebElement.execute(RemoteWebElement.java:242)
at org.openqa.selenium.remote.RemoteWebElement.click(RemoteWebElement.java:77)
at pages.VerificationPage_PL2.login(VerificationPage_PL2.java:140)
at steps.VerificationStep_PL2.login_in_the_healthapp_application(VerificationStep_PL2.java:32)
at ✽.Login in the healthapp application(file:///Users/abhisheksharma/Documents/YAKSHA/Clients/Cognizant/Cucumber/Java-Cucumber-Comments/VM-Java-Health-App-Dispensary-Automation-L1-Selenium_Excel-Template-main/src/test/java/features/Verification_PL2.feature:4)
]]>
            </full-stacktrace>
          </exception> <!-- org.openqa.selenium.TimeoutException -->
          <reporter-output>
          </reporter-output>
        </test-method> <!-- runScenario -->
        <test-method signature="runScenario(io.cucumber.testng.PickleWrapper,io.cucumber.testng.FeatureWrapper)[pri:0, instance:runner.TestRunner1@33aeca0b]" started-at="2025-02-06T11:20:23 IST" name="runScenario" description="Runs Cucumber Scenarios" data-provider="scenarios" finished-at="2025-02-06T11:21:17 IST" duration-ms="54619" status="PASS">
          <params>
            <param index="0">
              <value>
                <![CDATA["Take Screenshot of the current page"]]>
              </value>
            </param>
            <param index="1">
              <value>
                <![CDATA["Verification Module"]]>
              </value>
            </param>
          </params>
          <reporter-output>
          </reporter-output>
        </test-method> <!-- runScenario -->
        <test-method is-config="true" signature="tearDownClass()[pri:0, instance:runner.TestRunner1@33aeca0b]" started-at="2025-02-06T11:21:21 IST" name="tearDownClass" finished-at="2025-02-06T11:21:26 IST" duration-ms="4722" status="PASS">
          <reporter-output>
          </reporter-output>
        </test-method> <!-- tearDownClass -->
      </class> <!-- runner.TestRunner1 -->
    </test> <!-- Cucumber Test Runner 1 -->
  </suite> <!-- Suite -->
</testng-results>
